sample.interval=20000
"base::intersect" "intersect" "intersect" "FUN" "lapply" "lapply" "ora_v2" 
"duplicated.default" "duplicated" "base::intersect" "intersect" "intersect" "FUN" "lapply" "lapply" "ora_v2" 
"intersect" "FUN" "lapply" "lapply" "ora_v2" 
"base::intersect" "intersect" "intersect" "FUN" "lapply" "lapply" "ora_v2" 
"base::intersect" "intersect" "intersect" "FUN" "lapply" "lapply" "ora_v2" 
"base::intersect" "intersect" "intersect" "FUN" "lapply" "lapply" "ora_v2" 
"base::intersect" "intersect" "intersect" "FUN" "lapply" "lapply" "ora_v2" 
"base::intersect" "intersect" "intersect" "FUN" "lapply" "lapply" "ora_v2" 
"base::intersect" "intersect" "intersect" "FUN" "lapply" "lapply" "ora_v2" 
"base::intersect" "intersect" "intersect" "FUN" "lapply" "lapply" "ora_v2" 
"base::intersect" "intersect" "intersect" "FUN" "lapply" "lapply" "ora_v2" 
"base::intersect" "intersect" "intersect" "FUN" "lapply" "lapply" "ora_v2" 
"base::intersect" "intersect" "intersect" "FUN" "lapply" "lapply" "ora_v2" 
"base::intersect" "intersect" "intersect" "FUN" "lapply" "lapply" "ora_v2" 
"base::intersect" "intersect" "intersect" "FUN" "lapply" "lapply" "ora_v2" 
"base::intersect" "intersect" "intersect" "FUN" "lapply" "lapply" "ora_v2" 
"base::intersect" "intersect" "intersect" "FUN" "lapply" "lapply" "ora_v2" 
"base::intersect" "intersect" "intersect" "FUN" "lapply" "lapply" "ora_v2" 
"base::intersect" "intersect" "intersect" "FUN" "lapply" "lapply" "ora_v2" 
"base::intersect" "intersect" "intersect" "FUN" "lapply" "lapply" "ora_v2" 
"base::intersect" "intersect" "intersect" "FUN" "lapply" "lapply" "ora_v2" 
"base::intersect" "intersect" "intersect" "FUN" "lapply" "lapply" "ora_v2" 
"base::intersect" "intersect" "intersect" "FUN" "lapply" "lapply" "ora_v2" 
"base::intersect" "intersect" "intersect" "FUN" "lapply" "lapply" "ora_v2" 
"base::intersect" "intersect" "intersect" "FUN" "lapply" "lapply" "ora_v2" 
"base::intersect" "intersect" "intersect" "FUN" "lapply" "lapply" "ora_v2" 
"base::intersect" "intersect" "intersect" "FUN" "lapply" "lapply" "ora_v2" 
"base::intersect" "intersect" "intersect" "FUN" "lapply" "lapply" "ora_v2" 
"base::intersect" "intersect" "intersect" "FUN" "lapply" "lapply" "ora_v2" 
"base::intersect" "intersect" "intersect" "FUN" "lapply" "lapply" "ora_v2" 
"base::intersect" "intersect" "intersect" "FUN" "lapply" "lapply" "ora_v2" 
"base::intersect" "intersect" "intersect" "FUN" "lapply" "lapply" "ora_v2" 
"base::intersect" "intersect" "intersect" "FUN" "lapply" "lapply" "ora_v2" 
"base::intersect" "intersect" "intersect" "FUN" "lapply" "lapply" "ora_v2" 
"base::intersect" "intersect" "intersect" "FUN" "lapply" "lapply" "ora_v2" 
"base::intersect" "intersect" "intersect" "FUN" "lapply" "lapply" "ora_v2" 
"base::intersect" "intersect" "intersect" "FUN" "lapply" "lapply" "ora_v2" 
"base::intersect" "intersect" "intersect" "FUN" "lapply" "lapply" "ora_v2" 
"base::intersect" "intersect" "intersect" "FUN" "lapply" "lapply" "ora_v2" 
"base::intersect" "intersect" "intersect" "FUN" "lapply" "lapply" "ora_v2" 
"base::intersect" "intersect" "intersect" "FUN" "lapply" "lapply" "ora_v2" 
"base::intersect" "intersect" "intersect" "FUN" "lapply" "lapply" "ora_v2" 
"base::intersect" "intersect" "intersect" "FUN" "lapply" "lapply" "ora_v2" 
"base::intersect" "intersect" "intersect" "FUN" "lapply" "lapply" "ora_v2" 
"base::intersect" "intersect" "intersect" "FUN" "lapply" "lapply" "ora_v2" 
"base::intersect" "intersect" "intersect" "FUN" "lapply" "lapply" "ora_v2" 
"base::intersect" "intersect" "intersect" "FUN" "lapply" "lapply" "ora_v2" 
"base::intersect" "intersect" "intersect" "FUN" "lapply" "lapply" "ora_v2" 
"base::intersect" "intersect" "intersect" "FUN" "lapply" "lapply" "ora_v2" 
"base::intersect" "intersect" "intersect" "FUN" "lapply" "lapply" "ora_v2" 
"base::intersect" "intersect" "intersect" "FUN" "lapply" "lapply" "ora_v2" 
"base::intersect" "intersect" "intersect" "FUN" "lapply" "lapply" "ora_v2" 
"base::intersect" "intersect" "intersect" "FUN" "lapply" "lapply" "ora_v2" 
"base::intersect" "intersect" "intersect" "FUN" "lapply" "lapply" "ora_v2" 
"base::intersect" "intersect" "intersect" "FUN" "lapply" "lapply" "ora_v2" 
"base::intersect" "intersect" "intersect" "FUN" "lapply" "lapply" "ora_v2" 
"base::intersect" "intersect" "intersect" "FUN" "lapply" "lapply" "ora_v2" 
"base::intersect" "intersect" "intersect" "FUN" "lapply" "lapply" "ora_v2" 
"base::intersect" "intersect" "intersect" "FUN" "lapply" "lapply" "ora_v2" 
"base::intersect" "intersect" "intersect" "FUN" "lapply" "lapply" "ora_v2" 
"base::intersect" "intersect" "intersect" "FUN" "lapply" "lapply" "ora_v2" 
"base::intersect" "intersect" "intersect" "FUN" "lapply" "lapply" "ora_v2" 
"intersect" "intersect" "FUN" "lapply" "lapply" "ora_v2" 
"base::intersect" "intersect" "intersect" "FUN" "lapply" "lapply" "ora_v2" 
"base::intersect" "intersect" "intersect" "FUN" "lapply" "lapply" "ora_v2" 
"base::intersect" "intersect" "intersect" "FUN" "lapply" "lapply" "ora_v2" 
"base::intersect" "intersect" "intersect" "FUN" "lapply" "lapply" "ora_v2" 
"base::intersect" "intersect" "intersect" "FUN" "lapply" "lapply" "ora_v2" 
"base::intersect" "intersect" "intersect" "FUN" "lapply" "lapply" "ora_v2" 
"base::intersect" "intersect" "intersect" "FUN" "lapply" "lapply" "ora_v2" 
"base::intersect" "intersect" "intersect" "FUN" "lapply" "lapply" "ora_v2" 
"base::intersect" "intersect" "intersect" "FUN" "lapply" "lapply" "ora_v2" 
"base::intersect" "intersect" "intersect" "FUN" "lapply" "lapply" "ora_v2" 
"base::intersect" "intersect" "intersect" "FUN" "lapply" "lapply" "ora_v2" 
"base::intersect" "intersect" "intersect" "FUN" "lapply" "lapply" "ora_v2" 
"base::intersect" "intersect" "intersect" "FUN" "lapply" "lapply" "ora_v2" 
"base::intersect" "intersect" "intersect" "FUN" "lapply" "lapply" "ora_v2" 
"base::intersect" "intersect" "intersect" "FUN" "lapply" "lapply" "ora_v2" 
"base::intersect" "intersect" "intersect" "FUN" "lapply" "lapply" "ora_v2" 
"base::intersect" "intersect" "intersect" "FUN" "lapply" "lapply" "ora_v2" 
"base::intersect" "intersect" "intersect" "FUN" "lapply" "lapply" "ora_v2" 
"base::intersect" "intersect" "intersect" "FUN" "lapply" "lapply" "ora_v2" 
"base::intersect" "intersect" "intersect" "FUN" "lapply" "lapply" "ora_v2" 
"base::intersect" "intersect" "intersect" "FUN" "lapply" "lapply" "ora_v2" 
"base::intersect" "intersect" "intersect" "FUN" "lapply" "lapply" "ora_v2" 
"base::intersect" "intersect" "intersect" "FUN" "lapply" "lapply" "ora_v2" 
"base::intersect" "intersect" "intersect" "FUN" "lapply" "lapply" "ora_v2" 
"base::intersect" "intersect" "intersect" "FUN" "lapply" "lapply" "ora_v2" 
"base::intersect" "intersect" "intersect" "FUN" "lapply" "lapply" "ora_v2" 
"base::intersect" "intersect" "intersect" "FUN" "lapply" "lapply" "ora_v2" 
"base::intersect" "intersect" "intersect" "FUN" "lapply" "lapply" "ora_v2" 
"base::intersect" "intersect" "intersect" "FUN" "lapply" "lapply" "ora_v2" 
"base::intersect" "intersect" "intersect" "FUN" "lapply" "lapply" "ora_v2" 
"base::intersect" "intersect" "intersect" "FUN" "lapply" "lapply" "ora_v2" 
"base::intersect" "intersect" "intersect" "FUN" "lapply" "lapply" "ora_v2" 
"base::intersect" "intersect" "intersect" "FUN" "lapply" "lapply" "ora_v2" 
"base::intersect" "intersect" "intersect" "FUN" "lapply" "lapply" "ora_v2" 
"base::intersect" "intersect" "intersect" "FUN" "lapply" "lapply" "ora_v2" 
"base::intersect" "intersect" "intersect" "FUN" "lapply" "lapply" "ora_v2" 
"base::intersect" "intersect" "intersect" "FUN" "lapply" "lapply" "ora_v2" 
"base::intersect" "intersect" "intersect" "FUN" "lapply" "lapply" "ora_v2" 
"base::intersect" "intersect" "intersect" "FUN" "lapply" "lapply" "ora_v2" 
"base::intersect" "intersect" "intersect" "FUN" "lapply" "lapply" "ora_v2" 
"base::intersect" "intersect" "intersect" "FUN" "lapply" "lapply" "ora_v2" 
"base::intersect" "intersect" "intersect" "FUN" "lapply" "lapply" "ora_v2" 
"base::intersect" "intersect" "intersect" "FUN" "lapply" "lapply" "ora_v2" 
"base::intersect" "intersect" "intersect" "FUN" "lapply" "lapply" "ora_v2" 
"base::intersect" "intersect" "intersect" "FUN" "lapply" "lapply" "ora_v2" 
"base::intersect" "intersect" "intersect" "FUN" "lapply" "lapply" "ora_v2" 
"base::intersect" "intersect" "intersect" "FUN" "lapply" "lapply" "ora_v2" 
"base::intersect" "intersect" "intersect" "FUN" "lapply" "lapply" "ora_v2" 
"base::intersect" "intersect" "intersect" "FUN" "lapply" "lapply" "ora_v2" 
"base::intersect" "intersect" "intersect" "FUN" "lapply" "lapply" "ora_v2" 
"base::intersect" "intersect" "intersect" "FUN" "lapply" "lapply" "ora_v2" 
"base::intersect" "intersect" "intersect" "FUN" "lapply" "lapply" "ora_v2" 
"base::intersect" "intersect" "intersect" "FUN" "lapply" "lapply" "ora_v2" 
"base::intersect" "intersect" "intersect" "FUN" "lapply" "lapply" "ora_v2" 
"base::intersect" "intersect" "intersect" "FUN" "lapply" "lapply" "ora_v2" 
"base::intersect" "intersect" "intersect" "FUN" "lapply" "lapply" "ora_v2" 
"base::intersect" "intersect" "intersect" "FUN" "lapply" "lapply" "ora_v2" 
"base::intersect" "intersect" "intersect" "FUN" "lapply" "lapply" "ora_v2" 
"base::intersect" "intersect" "intersect" "FUN" "lapply" "lapply" "ora_v2" 
"base::intersect" "intersect" "intersect" "FUN" "lapply" "lapply" "ora_v2" 
"base::intersect" "intersect" "intersect" "FUN" "lapply" "lapply" "ora_v2" 
"base::intersect" "intersect" "intersect" "FUN" "lapply" "lapply" "ora_v2" 
"base::intersect" "intersect" "intersect" "FUN" "lapply" "lapply" "ora_v2" 
"base::intersect" "intersect" "intersect" "FUN" "lapply" "lapply" "ora_v2" 
"base::intersect" "intersect" "intersect" "FUN" "lapply" "lapply" "ora_v2" 
"base::intersect" "intersect" "intersect" "FUN" "lapply" "lapply" "ora_v2" 
"base::intersect" "intersect" "intersect" "FUN" "lapply" "lapply" "ora_v2" 
"FUN" "lapply" "lapply" "ora_v2" 
"base::intersect" "intersect" "intersect" "FUN" "lapply" "lapply" "ora_v2" 
"base::intersect" "intersect" "intersect" "FUN" "lapply" "lapply" "ora_v2" 
"base::intersect" "intersect" "intersect" "FUN" "lapply" "lapply" "ora_v2" 
"base::intersect" "intersect" "intersect" "FUN" "lapply" "lapply" "ora_v2" 
"base::intersect" "intersect" "intersect" "FUN" "lapply" "lapply" "ora_v2" 
"base::intersect" "intersect" "intersect" "FUN" "lapply" "lapply" "ora_v2" 
"base::intersect" "intersect" "intersect" "FUN" "lapply" "lapply" "ora_v2" 
"base::intersect" "intersect" "intersect" "FUN" "lapply" "lapply" "ora_v2" 
"base::intersect" "intersect" "intersect" "FUN" "lapply" "lapply" "ora_v2" 
"base::intersect" "intersect" "intersect" "FUN" "lapply" "lapply" "ora_v2" 
"base::intersect" "intersect" "intersect" "FUN" "lapply" "lapply" "ora_v2" 
"base::intersect" "intersect" "intersect" "FUN" "lapply" "lapply" "ora_v2" 
"base::intersect" "intersect" "intersect" "FUN" "lapply" "lapply" "ora_v2" 
"base::intersect" "intersect" "intersect" "FUN" "lapply" "lapply" "ora_v2" 
"base::intersect" "intersect" "intersect" "FUN" "lapply" "lapply" "ora_v2" 
"base::intersect" "intersect" "intersect" "FUN" "lapply" "lapply" "ora_v2" 
"base::intersect" "intersect" "intersect" "FUN" "lapply" "lapply" "ora_v2" 
"base::intersect" "intersect" "intersect" "FUN" "lapply" "lapply" "ora_v2" 
"base::intersect" "intersect" "intersect" "FUN" "lapply" "lapply" "ora_v2" 
"base::intersect" "intersect" "intersect" "FUN" "lapply" "lapply" "ora_v2" 
"base::intersect" "intersect" "intersect" "FUN" "lapply" "lapply" "ora_v2" 
"base::intersect" "intersect" "intersect" "FUN" "lapply" "lapply" "ora_v2" 
"base::intersect" "intersect" "intersect" "FUN" "lapply" "lapply" "ora_v2" 
"base::intersect" "intersect" "intersect" "FUN" "lapply" "lapply" "ora_v2" 
"base::intersect" "intersect" "intersect" "FUN" "lapply" "lapply" "ora_v2" 
"base::intersect" "intersect" "intersect" "FUN" "lapply" "lapply" "ora_v2" 
"base::intersect" "intersect" "intersect" "FUN" "lapply" "lapply" "ora_v2" 
"base::intersect" "intersect" "intersect" "FUN" "lapply" "lapply" "ora_v2" 
"base::intersect" "intersect" "intersect" "FUN" "lapply" "lapply" "ora_v2" 
"base::intersect" "intersect" "intersect" "FUN" "lapply" "lapply" "ora_v2" 
"base::intersect" "intersect" "intersect" "FUN" "lapply" "lapply" "ora_v2" 
"base::intersect" "intersect" "intersect" "FUN" "lapply" "lapply" "ora_v2" 
"base::intersect" "intersect" "intersect" "FUN" "lapply" "lapply" "ora_v2" 
"base::intersect" "intersect" "intersect" "FUN" "lapply" "lapply" "ora_v2" 
"base::intersect" "intersect" "intersect" "FUN" "lapply" "lapply" "ora_v2" 
"base::intersect" "intersect" "intersect" "FUN" "lapply" "lapply" "ora_v2" 
"base::intersect" "intersect" "intersect" "FUN" "lapply" "lapply" "ora_v2" 
"base::intersect" "intersect" "intersect" "FUN" "lapply" "lapply" "ora_v2" 
"base::intersect" "intersect" "intersect" "FUN" "lapply" "lapply" "ora_v2" 
"base::intersect" "intersect" "intersect" "FUN" "lapply" "lapply" "ora_v2" 
"base::intersect" "intersect" "intersect" "FUN" "lapply" "lapply" "ora_v2" 
"base::intersect" "intersect" "intersect" "FUN" "lapply" "lapply" "ora_v2" 
"base::intersect" "intersect" "intersect" "FUN" "lapply" "lapply" "ora_v2" 
"base::intersect" "intersect" "intersect" "FUN" "lapply" "lapply" "ora_v2" 
"base::intersect" "intersect" "intersect" "FUN" "lapply" "lapply" "ora_v2" 
"base::intersect" "intersect" "intersect" "FUN" "lapply" "lapply" "ora_v2" 
"base::intersect" "intersect" "intersect" "FUN" "lapply" "lapply" "ora_v2" 
"base::intersect" "intersect" "intersect" "FUN" "lapply" "lapply" "ora_v2" 
"base::intersect" "intersect" "intersect" "FUN" "lapply" "lapply" "ora_v2" 
"base::intersect" "intersect" "intersect" "FUN" "lapply" "lapply" "ora_v2" 
"base::intersect" "intersect" "intersect" "FUN" "lapply" "lapply" "ora_v2" 
"base::intersect" "intersect" "intersect" "FUN" "lapply" "lapply" "ora_v2" 
"base::intersect" "intersect" "intersect" "FUN" "lapply" "lapply" "ora_v2" 
"base::intersect" "intersect" "intersect" "FUN" "lapply" "lapply" "ora_v2" 
"intersect" "FUN" "lapply" "lapply" "ora_v2" 
"base::intersect" "intersect" "intersect" "FUN" "lapply" "lapply" "ora_v2" 
"base::intersect" "intersect" "intersect" "FUN" "lapply" "lapply" "ora_v2" 
"base::intersect" "intersect" "intersect" "FUN" "lapply" "lapply" "ora_v2" 
"base::intersect" "intersect" "intersect" "FUN" "lapply" "lapply" "ora_v2" 
"base::intersect" "intersect" "intersect" "FUN" "lapply" "lapply" "ora_v2" 
"base::intersect" "intersect" "intersect" "FUN" "lapply" "lapply" "ora_v2" 
"base::intersect" "intersect" "intersect" "FUN" "lapply" "lapply" "ora_v2" 
"base::intersect" "intersect" "intersect" "FUN" "lapply" "lapply" "ora_v2" 
"base::intersect" "intersect" "intersect" "FUN" "lapply" "lapply" "ora_v2" 
"base::intersect" "intersect" "intersect" "FUN" "lapply" "lapply" "ora_v2" 
"base::intersect" "intersect" "intersect" "FUN" "lapply" "lapply" "ora_v2" 
"base::intersect" "intersect" "intersect" "FUN" "lapply" "lapply" "ora_v2" 
"base::intersect" "intersect" "intersect" "FUN" "lapply" "lapply" "ora_v2" 
"base::intersect" "intersect" "intersect" "FUN" "lapply" "lapply" "ora_v2" 
"base::intersect" "intersect" "intersect" "FUN" "lapply" "lapply" "ora_v2" 
"base::intersect" "intersect" "intersect" "FUN" "lapply" "lapply" "ora_v2" 
"base::intersect" "intersect" "intersect" "FUN" "lapply" "lapply" "ora_v2" 
"base::intersect" "intersect" "intersect" "FUN" "lapply" "lapply" "ora_v2" 
"base::intersect" "intersect" "intersect" "FUN" "lapply" "lapply" "ora_v2" 
"base::intersect" "intersect" "intersect" "FUN" "lapply" "lapply" "ora_v2" 
"base::intersect" "intersect" "intersect" "FUN" "lapply" "lapply" "ora_v2" 
"base::intersect" "intersect" "intersect" "FUN" "lapply" "lapply" "ora_v2" 
"base::intersect" "intersect" "intersect" "FUN" "lapply" "lapply" "ora_v2" 
"base::intersect" "intersect" "intersect" "FUN" "lapply" "lapply" "ora_v2" 
"base::intersect" "intersect" "intersect" "FUN" "lapply" "lapply" "ora_v2" 
"base::intersect" "intersect" "intersect" "FUN" "lapply" "lapply" "ora_v2" 
"base::intersect" "intersect" "intersect" "FUN" "lapply" "lapply" "ora_v2" 
"base::intersect" "intersect" "intersect" "FUN" "lapply" "lapply" "ora_v2" 
"base::intersect" "intersect" "intersect" "FUN" "lapply" "lapply" "ora_v2" 
"base::intersect" "intersect" "intersect" "FUN" "lapply" "lapply" "ora_v2" 
"base::intersect" "intersect" "intersect" "FUN" "lapply" "lapply" "ora_v2" 
"base::intersect" "intersect" "intersect" "FUN" "lapply" "lapply" "ora_v2" 
"base::intersect" "intersect" "intersect" "FUN" "lapply" "lapply" "ora_v2" 
"base::intersect" "intersect" "intersect" "FUN" "lapply" "lapply" "ora_v2" 
"base::intersect" "intersect" "intersect" "FUN" "lapply" "lapply" "ora_v2" 
"base::intersect" "intersect" "intersect" "FUN" "lapply" "lapply" "ora_v2" 
"base::intersect" "intersect" "intersect" "FUN" "lapply" "lapply" "ora_v2" 
"base::intersect" "intersect" "intersect" "FUN" "lapply" "lapply" "ora_v2" 
"base::intersect" "intersect" "intersect" "FUN" "lapply" "lapply" "ora_v2" 
"base::intersect" "intersect" "intersect" "FUN" "lapply" "lapply" "ora_v2" 
"base::intersect" "intersect" "intersect" "FUN" "lapply" "lapply" "ora_v2" 
"base::intersect" "intersect" "intersect" "FUN" "lapply" "lapply" "ora_v2" 
"base::intersect" "intersect" "intersect" "FUN" "lapply" "lapply" "ora_v2" 
"base::intersect" "intersect" "intersect" "FUN" "lapply" "lapply" "ora_v2" 
"base::intersect" "intersect" "intersect" "FUN" "lapply" "lapply" "ora_v2" 
"base::intersect" "intersect" "intersect" "FUN" "lapply" "lapply" "ora_v2" 
"base::intersect" "intersect" "intersect" "FUN" "lapply" "lapply" "ora_v2" 
"base::intersect" "intersect" "intersect" "FUN" "lapply" "lapply" "ora_v2" 
"base::intersect" "intersect" "intersect" "FUN" "lapply" "lapply" "ora_v2" 
"base::intersect" "intersect" "intersect" "FUN" "lapply" "lapply" "ora_v2" 
"base::intersect" "intersect" "intersect" "FUN" "lapply" "lapply" "ora_v2" 
"base::intersect" "intersect" "intersect" "FUN" "lapply" "lapply" "ora_v2" 
"base::intersect" "intersect" "intersect" "FUN" "lapply" "lapply" "ora_v2" 
"base::intersect" "intersect" "intersect" "FUN" "lapply" "lapply" "ora_v2" 
"base::intersect" "intersect" "intersect" "FUN" "lapply" "lapply" "ora_v2" 
"base::intersect" "intersect" "intersect" "FUN" "lapply" "lapply" "ora_v2" 
"base::intersect" "intersect" "intersect" "FUN" "lapply" "lapply" "ora_v2" 
"base::intersect" "intersect" "intersect" "FUN" "lapply" "lapply" "ora_v2" 
"base::intersect" "intersect" "intersect" "FUN" "lapply" "lapply" "ora_v2" 
"base::intersect" "intersect" "intersect" "FUN" "lapply" "lapply" "ora_v2" 
"base::intersect" "intersect" "intersect" "FUN" "lapply" "lapply" "ora_v2" 
"base::intersect" "intersect" "intersect" "FUN" "lapply" "lapply" "ora_v2" 
"base::intersect" "intersect" "intersect" "FUN" "lapply" "lapply" "ora_v2" 
"base::intersect" "intersect" "intersect" "FUN" "lapply" "lapply" "ora_v2" 
"base::intersect" "intersect" "intersect" "FUN" "lapply" "lapply" "ora_v2" 
"base::intersect" "intersect" "intersect" "FUN" "lapply" "lapply" "ora_v2" 
"base::intersect" "intersect" "intersect" "FUN" "lapply" "lapply" "ora_v2" 
"base::intersect" "intersect" "intersect" "FUN" "lapply" "lapply" "ora_v2" 
"base::intersect" "intersect" "intersect" "FUN" "lapply" "lapply" "ora_v2" 
"base::intersect" "intersect" "intersect" "FUN" "lapply" "lapply" "ora_v2" 
"base::intersect" "intersect" "intersect" "FUN" "lapply" "lapply" "ora_v2" 
"base::intersect" "intersect" "intersect" "FUN" "lapply" "lapply" "ora_v2" 
"base::intersect" "intersect" "intersect" "FUN" "lapply" "lapply" "ora_v2" 
"base::intersect" "intersect" "intersect" "FUN" "lapply" "lapply" "ora_v2" 
"base::intersect" "intersect" "intersect" "FUN" "lapply" "lapply" "ora_v2" 
"base::intersect" "intersect" "intersect" "FUN" "lapply" "lapply" "ora_v2" 
"base::intersect" "intersect" "intersect" "FUN" "lapply" "lapply" "ora_v2" 
"base::intersect" "intersect" "intersect" "FUN" "lapply" "lapply" "ora_v2" 
"base::intersect" "intersect" "intersect" "FUN" "lapply" "lapply" "ora_v2" 
"base::intersect" "intersect" "intersect" "FUN" "lapply" "lapply" "ora_v2" 
"base::intersect" "intersect" "intersect" "FUN" "lapply" "lapply" "ora_v2" 
"base::intersect" "intersect" "intersect" "FUN" "lapply" "lapply" "ora_v2" 
"base::intersect" "intersect" "intersect" "FUN" "lapply" "lapply" "ora_v2" 
"base::intersect" "intersect" "intersect" "FUN" "lapply" "lapply" "ora_v2" 
"base::intersect" "intersect" "intersect" "FUN" "lapply" "lapply" "ora_v2" 
"base::intersect" "intersect" "intersect" "FUN" "lapply" "lapply" "ora_v2" 
"base::intersect" "intersect" "intersect" "FUN" "lapply" "lapply" "ora_v2" 
"base::intersect" "intersect" "intersect" "FUN" "lapply" "lapply" "ora_v2" 
"base::intersect" "intersect" "intersect" "FUN" "lapply" "lapply" "ora_v2" 
"base::intersect" "intersect" "intersect" "FUN" "lapply" "lapply" "ora_v2" 
"base::intersect" "intersect" "intersect" "FUN" "lapply" "lapply" "ora_v2" 
"base::intersect" "intersect" "intersect" "FUN" "lapply" "lapply" "ora_v2" 
"base::intersect" "intersect" "intersect" "FUN" "lapply" "lapply" "ora_v2" 
"base::intersect" "intersect" "intersect" "FUN" "lapply" "lapply" "ora_v2" 
"intersect" "FUN" "lapply" "lapply" "ora_v2" 
"base::intersect" "intersect" "intersect" "FUN" "lapply" "lapply" "ora_v2" 
"base::intersect" "intersect" "intersect" "FUN" "lapply" "lapply" "ora_v2" 
"base::intersect" "intersect" "intersect" "FUN" "lapply" "lapply" "ora_v2" 
"base::intersect" "intersect" "intersect" "FUN" "lapply" "lapply" "ora_v2" 
"base::intersect" "intersect" "intersect" "FUN" "lapply" "lapply" "ora_v2" 
"base::intersect" "intersect" "intersect" "FUN" "lapply" "lapply" "ora_v2" 
"base::intersect" "intersect" "intersect" "FUN" "lapply" "lapply" "ora_v2" 
"base::intersect" "intersect" "intersect" "FUN" "lapply" "lapply" "ora_v2" 
"base::intersect" "intersect" "intersect" "FUN" "lapply" "lapply" "ora_v2" 
"base::intersect" "intersect" "intersect" "FUN" "lapply" "lapply" "ora_v2" 
"base::intersect" "intersect" "intersect" "FUN" "lapply" "lapply" "ora_v2" 
"base::intersect" "intersect" "intersect" "FUN" "lapply" "lapply" "ora_v2" 
"base::intersect" "intersect" "intersect" "FUN" "lapply" "lapply" "ora_v2" 
"base::intersect" "intersect" "intersect" "FUN" "lapply" "lapply" "ora_v2" 
"base::intersect" "intersect" "intersect" "FUN" "lapply" "lapply" "ora_v2" 
"intersect" "FUN" "lapply" "sapply" "sapply" "ora_v2" 
"base::intersect" "intersect" "intersect" "FUN" "lapply" "sapply" "sapply" "ora_v2" 
"base::intersect" "intersect" "intersect" "FUN" "lapply" "sapply" "sapply" "ora_v2" 
"base::intersect" "intersect" "intersect" "FUN" "lapply" "sapply" "sapply" "ora_v2" 
"duplicated.default" "duplicated" "base::intersect" "intersect" "intersect" "FUN" "lapply" "sapply" "sapply" "ora_v2" 
"base::intersect" "intersect" "intersect" "FUN" "lapply" "sapply" "sapply" "ora_v2" 
"base::intersect" "intersect" "intersect" "FUN" "lapply" "sapply" "sapply" "ora_v2" 
"base::intersect" "intersect" "intersect" "FUN" "lapply" "sapply" "sapply" "ora_v2" 
"duplicated.default" "duplicated" "base::intersect" "intersect" "intersect" "FUN" "lapply" "sapply" "sapply" "ora_v2" 
"base::intersect" "intersect" "intersect" "FUN" "lapply" "sapply" "sapply" "ora_v2" 
"base::intersect" "intersect" "intersect" "FUN" "lapply" "sapply" "sapply" "ora_v2" 
"base::intersect" "intersect" "intersect" "FUN" "lapply" "sapply" "sapply" "ora_v2" 
"base::intersect" "intersect" "intersect" "FUN" "lapply" "sapply" "sapply" "ora_v2" 
"base::intersect" "intersect" "intersect" "FUN" "lapply" "sapply" "sapply" "ora_v2" 
"base::intersect" "intersect" "intersect" "FUN" "lapply" "sapply" "sapply" "ora_v2" 
"base::intersect" "intersect" "intersect" "FUN" "lapply" "sapply" "sapply" "ora_v2" 
"base::intersect" "intersect" "intersect" "FUN" "lapply" "sapply" "sapply" "ora_v2" 
"base::intersect" "intersect" "intersect" "FUN" "lapply" "sapply" "sapply" "ora_v2" 
"is.factor" "duplicated.default" "duplicated" "base::intersect" "intersect" "intersect" "FUN" "lapply" "sapply" "sapply" "ora_v2" 
"base::intersect" "intersect" "intersect" "FUN" "lapply" "sapply" "sapply" "ora_v2" 
"base::intersect" "intersect" "intersect" "FUN" "lapply" "sapply" "sapply" "ora_v2" 
"base::intersect" "intersect" "intersect" "FUN" "lapply" "sapply" "sapply" "ora_v2" 
"base::intersect" "intersect" "intersect" "FUN" "lapply" "sapply" "sapply" "ora_v2" 
"base::intersect" "intersect" "intersect" "FUN" "lapply" "sapply" "sapply" "ora_v2" 
"phyper" "ora_v2" 
